<?xml version="1.0" encoding="UTF-8" ?>
<testsuite failures="0" time="0.009" errors="0" skipped="0" tests="1" name="edu.virginia.uvacluster.internal.feature.test.TopologicalCoefficientTest">
  <properties>
    <property name="java.runtime.name" value="OpenJDK Runtime Environment"/>
    <property name="sun.boot.library.path" value="/usr/lib/jvm/java-7-openjdk/jre/lib/amd64"/>
    <property name="java.vm.version" value="24.75-b04"/>
    <property name="java.vm.vendor" value="Oracle Corporation"/>
    <property name="java.vendor.url" value="http://java.oracle.com/"/>
    <property name="path.separator" value=":"/>
    <property name="java.vm.name" value="OpenJDK 64-Bit Server VM"/>
    <property name="file.encoding.pkg" value="sun.io"/>
    <property name="user.country" value="US"/>
    <property name="sun.java.launcher" value="SUN_STANDARD"/>
    <property name="sun.os.patch.level" value="unknown"/>
    <property name="java.vm.specification.name" value="Java Virtual Machine Specification"/>
    <property name="user.dir" value="/home/nick/Code/graph-group"/>
    <property name="java.runtime.version" value="1.7.0_75-b13"/>
    <property name="java.awt.graphicsenv" value="sun.awt.X11GraphicsEnvironment"/>
    <property name="basedir" value="/home/nick/Code/graph-group"/>
    <property name="java.endorsed.dirs" value="/usr/lib/jvm/java-7-openjdk/jre/lib/endorsed"/>
    <property name="os.arch" value="amd64"/>
    <property name="surefire.real.class.path" value="/home/nick/Code/graph-group/target/surefire/surefirebooter4139149130470618268.jar"/>
    <property name="java.io.tmpdir" value="/tmp"/>
    <property name="line.separator" value="
"/>
    <property name="java.vm.specification.vendor" value="Oracle Corporation"/>
    <property name="os.name" value="Linux"/>
    <property name="sun.jnu.encoding" value="UTF-8"/>
    <property name="java.library.path" value="/usr/java/packages/lib/amd64:/usr/lib64:/lib64:/lib:/usr/lib"/>
    <property name="surefire.test.class.path" value="/home/nick/Code/graph-group/target/test-classes:/home/nick/Code/graph-group/target/classes:/home/nick/.m2/repository/org/osgi/org.osgi.core/4.2.0/org.osgi.core-4.2.0.jar:/home/nick/.m2/repository/junit/junit/4.11/junit-4.11.jar:/home/nick/.m2/repository/org/hamcrest/hamcrest-core/1.3/hamcrest-core-1.3.jar:/home/nick/.m2/repository/org/mockito/mockito-all/1.9.0/mockito-all-1.9.0.jar:/home/nick/.m2/repository/org/cytoscape/model-impl/3.2.1/model-impl-3.2.1.jar:/home/nick/.m2/repository/org/cytoscape/model-api/3.2.1/model-api-3.2.1.jar:/home/nick/.m2/repository/org/cytoscape/event-api/3.2.1/event-api-3.2.1.jar:/home/nick/.m2/repository/org/cytoscape/equations-api/3.2.1/equations-api-3.2.1.jar:/home/nick/.m2/repository/org/cytoscape/equations-impl/3.2.1/equations-impl-3.2.1.jar:/home/nick/.m2/repository/com/google/guava/guava/r09/guava-r09.jar:/home/nick/.m2/repository/cytoscape-temp/parallelcolt/0.9.4/parallelcolt-0.9.4.jar:/home/nick/.m2/repository/org/cytoscape/model-impl/3.2.1/model-impl-3.2.1-tests.jar:/home/nick/.m2/repository/org/cytoscape/event-api/3.2.1/event-api-3.2.1-tests.jar:/home/nick/.m2/repository/org/cytoscape/core-task-api/3.2.1/core-task-api-3.2.1.jar:/home/nick/.m2/repository/org/cytoscape/viewmodel-api/3.2.1/viewmodel-api-3.2.1.jar:/home/nick/.m2/repository/org/cytoscape/work-api/3.2.1/work-api-3.2.1.jar:/home/nick/.m2/repository/org/cytoscape/io-api/3.2.1/io-api-3.2.1.jar:/home/nick/.m2/repository/org/cytoscape/presentation-api/3.2.1/presentation-api-3.2.1.jar:/home/nick/.m2/repository/org/cytoscape/filter-api/3.2.1/filter-api-3.2.1.jar:/home/nick/.m2/repository/org/cytoscape/service-api/3.2.1/service-api-3.2.1.jar:/home/nick/.m2/repository/org/cytoscape/swing-application-api/3.2.1/swing-application-api-3.2.1.jar:/home/nick/.m2/repository/org/cytoscape/work-swing-api/3.2.1/work-swing-api-3.2.1.jar:/home/nick/.m2/repository/org/cytoscape/application-api/3.2.1/application-api-3.2.1.jar:/home/nick/.m2/repository/org/cytoscape/session-api/3.2.1/session-api-3.2.1.jar:/home/nick/.m2/repository/org/cytoscape/vizmap-api/3.2.1/vizmap-api-3.2.1.jar:/home/nick/.m2/repository/org/cytoscape/property-api/3.2.1/property-api-3.2.1.jar:/home/nick/.m2/repository/org/ops4j/pax/logging/pax-logging-api/1.5.2/pax-logging-api-1.5.2.jar:/home/nick/.m2/repository/com/googlecode/efficient-java-matrix-library/ejml/0.23/ejml-0.23.jar:/home/nick/.m2/repository/commons-lang/commons-lang/2.6/commons-lang-2.6.jar:/home/nick/.m2/repository/commons-io/commons-io/2.4/commons-io-2.4.jar:"/>
    <property name="java.specification.name" value="Java Platform API Specification"/>
    <property name="java.class.version" value="51.0"/>
    <property name="sun.management.compiler" value="HotSpot 64-Bit Tiered Compilers"/>
    <property name="os.version" value="3.19.3-1-ARCH"/>
    <property name="user.home" value="/home/nick"/>
    <property name="user.timezone" value=""/>
    <property name="java.awt.printerjob" value="sun.print.PSPrinterJob"/>
    <property name="file.encoding" value="UTF-8"/>
    <property name="java.specification.version" value="1.7"/>
    <property name="user.name" value="nick"/>
    <property name="java.class.path" value="/home/nick/Code/graph-group/target/test-classes:/home/nick/Code/graph-group/target/classes:/home/nick/.m2/repository/org/osgi/org.osgi.core/4.2.0/org.osgi.core-4.2.0.jar:/home/nick/.m2/repository/junit/junit/4.11/junit-4.11.jar:/home/nick/.m2/repository/org/hamcrest/hamcrest-core/1.3/hamcrest-core-1.3.jar:/home/nick/.m2/repository/org/mockito/mockito-all/1.9.0/mockito-all-1.9.0.jar:/home/nick/.m2/repository/org/cytoscape/model-impl/3.2.1/model-impl-3.2.1.jar:/home/nick/.m2/repository/org/cytoscape/model-api/3.2.1/model-api-3.2.1.jar:/home/nick/.m2/repository/org/cytoscape/event-api/3.2.1/event-api-3.2.1.jar:/home/nick/.m2/repository/org/cytoscape/equations-api/3.2.1/equations-api-3.2.1.jar:/home/nick/.m2/repository/org/cytoscape/equations-impl/3.2.1/equations-impl-3.2.1.jar:/home/nick/.m2/repository/com/google/guava/guava/r09/guava-r09.jar:/home/nick/.m2/repository/cytoscape-temp/parallelcolt/0.9.4/parallelcolt-0.9.4.jar:/home/nick/.m2/repository/org/cytoscape/model-impl/3.2.1/model-impl-3.2.1-tests.jar:/home/nick/.m2/repository/org/cytoscape/event-api/3.2.1/event-api-3.2.1-tests.jar:/home/nick/.m2/repository/org/cytoscape/core-task-api/3.2.1/core-task-api-3.2.1.jar:/home/nick/.m2/repository/org/cytoscape/viewmodel-api/3.2.1/viewmodel-api-3.2.1.jar:/home/nick/.m2/repository/org/cytoscape/work-api/3.2.1/work-api-3.2.1.jar:/home/nick/.m2/repository/org/cytoscape/io-api/3.2.1/io-api-3.2.1.jar:/home/nick/.m2/repository/org/cytoscape/presentation-api/3.2.1/presentation-api-3.2.1.jar:/home/nick/.m2/repository/org/cytoscape/filter-api/3.2.1/filter-api-3.2.1.jar:/home/nick/.m2/repository/org/cytoscape/service-api/3.2.1/service-api-3.2.1.jar:/home/nick/.m2/repository/org/cytoscape/swing-application-api/3.2.1/swing-application-api-3.2.1.jar:/home/nick/.m2/repository/org/cytoscape/work-swing-api/3.2.1/work-swing-api-3.2.1.jar:/home/nick/.m2/repository/org/cytoscape/application-api/3.2.1/application-api-3.2.1.jar:/home/nick/.m2/repository/org/cytoscape/session-api/3.2.1/session-api-3.2.1.jar:/home/nick/.m2/repository/org/cytoscape/vizmap-api/3.2.1/vizmap-api-3.2.1.jar:/home/nick/.m2/repository/org/cytoscape/property-api/3.2.1/property-api-3.2.1.jar:/home/nick/.m2/repository/org/ops4j/pax/logging/pax-logging-api/1.5.2/pax-logging-api-1.5.2.jar:/home/nick/.m2/repository/com/googlecode/efficient-java-matrix-library/ejml/0.23/ejml-0.23.jar:/home/nick/.m2/repository/commons-lang/commons-lang/2.6/commons-lang-2.6.jar:/home/nick/.m2/repository/commons-io/commons-io/2.4/commons-io-2.4.jar:"/>
    <property name="java.vm.specification.version" value="1.7"/>
    <property name="sun.arch.data.model" value="64"/>
    <property name="java.home" value="/usr/lib/jvm/java-7-openjdk/jre"/>
    <property name="sun.java.command" value="/home/nick/Code/graph-group/target/surefire/surefirebooter4139149130470618268.jar /home/nick/Code/graph-group/target/surefire/surefire4874485496736451938tmp /home/nick/Code/graph-group/target/surefire/surefire1139854284683679571tmp"/>
    <property name="java.specification.vendor" value="Oracle Corporation"/>
    <property name="user.language" value="en"/>
    <property name="awt.toolkit" value="sun.awt.X11.XToolkit"/>
    <property name="java.vm.info" value="mixed mode"/>
    <property name="java.version" value="1.7.0_75"/>
    <property name="java.ext.dirs" value="/usr/lib/jvm/java-7-openjdk/jre/lib/ext:/usr/java/packages/lib/ext"/>
    <property name="sun.boot.class.path" value="/usr/lib/jvm/java-7-openjdk/jre/lib/resources.jar:/usr/lib/jvm/java-7-openjdk/jre/lib/rt.jar:/usr/lib/jvm/java-7-openjdk/jre/lib/sunrsasign.jar:/usr/lib/jvm/java-7-openjdk/jre/lib/jsse.jar:/usr/lib/jvm/java-7-openjdk/jre/lib/jce.jar:/usr/lib/jvm/java-7-openjdk/jre/lib/charsets.jar:/usr/lib/jvm/java-7-openjdk/jre/lib/rhino.jar:/usr/lib/jvm/java-7-openjdk/jre/lib/jfr.jar:/usr/lib/jvm/java-7-openjdk/jre/classes"/>
    <property name="java.vendor" value="Oracle Corporation"/>
    <property name="localRepository" value="/home/nick/.m2/repository"/>
    <property name="file.separator" value="/"/>
    <property name="java.vendor.url.bug" value="http://bugreport.sun.com/bugreport/"/>
    <property name="sun.cpu.endian" value="little"/>
    <property name="sun.io.unicode.encoding" value="UnicodeLittle"/>
    <property name="sun.desktop" value="gnome"/>
    <property name="sun.cpu.isalist" value=""/>
  </properties>
  <testcase time="0.003" classname="edu.virginia.uvacluster.internal.feature.test.TopologicalCoefficientTest" name="shouldCalculateTopologicalCoefficients"/>
</testsuite>